[1715543978.731][INFO]: Starting ChromeDriver 124.0.6367.201 (46cf136d27d50afd9c618d164a3b95b3b62d0027-refs/branch-heads/6367@{#1130}) on port 48798
[1715543978.731][INFO]: Please see https://chromedriver.chromium.org/security-considerations for suggestions on keeping ChromeDriver safe.
[1715543979.311][INFO]: [2f14ccbfaa864197a69e27cdf2a118f3] COMMAND InitSession {
   "capabilities": {
      "firstMatch": [ {
         "browserName": "chrome",
         "goog:chromeOptions": {
            "args": [  ],
            "extensions": [  ]
         },
         "goog:loggingPrefs": {
            "browser": "ALL",
            "driver": "ALL"
         }
      } ]
   }
}
[1715543979.311][INFO]: Browser search. Trying... C:\Users\justr\.cache\selenium\chromedriver\win64\124.0.6367.201\chrome.exe
[1715543979.311][INFO]: Browser search. Trying... C:\Users\justr\.cache\selenium\chromedriver\win64\124.0.6367.201\chrome.exe
[1715543979.311][INFO]: Browser search. Trying... C:\Users\justr\.cache\selenium\chromedriver\win64\124.0.6367.201\chromium.exe
[1715543979.315][INFO]: Browser search. Trying... C:\Users\justr\AppData\Local\Google\Chrome\Application\chrome.exe
[1715543979.315][INFO]: Browser search. Trying... C:\Program Files\Google\Chrome\Application\chrome.exe
[1715543979.315][INFO]: Browser search. Found at  C:\Program Files\Google\Chrome\Application\chrome.exe
[1715543979.316][INFO]: Populating Preferences file: {
   "alternate_error_pages": {
      "enabled": false
   },
   "autofill": {
      "enabled": false
   },
   "browser": {
      "check_default_browser": false
   },
   "distribution": {
      "import_bookmarks": false,
      "import_history": false,
      "import_search_engine": false,
      "make_chrome_default_for_user": false,
      "skip_first_run_ui": true
   },
   "dns_prefetching": {
      "enabled": false
   },
   "profile": {
      "content_settings": {
         "pattern_pairs": {
            "https://*,*": {
               "media-stream": {
                  "audio": "Default",
                  "video": "Default"
               }
            }
         }
      },
      "default_content_setting_values": {
         "geolocation": 1
      },
      "default_content_settings": {
         "geolocation": 1,
         "mouselock": 1,
         "notifications": 1,
         "popups": 1,
         "ppapi-broker": 1
      },
      "password_manager_enabled": false
   },
   "safebrowsing": {
      "enabled": false
   },
   "search": {
      "suggest_enabled": false
   },
   "translate": {
      "enabled": false
   }
}
[1715543979.316][INFO]: Populating Local State file: {
   "background_mode": {
      "enabled": false
   },
   "ssl": {
      "rev_checking": {
         "enabled": false
      }
   }
}
[1715543979.318][INFO]: ChromeDriver supports communication with Chrome via pipes. This is more reliable and more secure.
[1715543979.318][INFO]: Use the --remote-debugging-pipe Chrome switch instead of the default --remote-debugging-port to enable this communication mode.
[1715543979.320][INFO]: Launching chrome: "C:\Program Files\Google\Chrome\Application\chrome.exe" --allow-pre-commit-input --disable-background-networking --disable-backgrounding-occluded-windows --disable-client-side-phishing-detection --disable-default-apps --disable-hang-monitor --disable-popup-blocking --disable-prompt-on-repost --disable-sync --enable-automation --enable-logging --log-level=0 --no-first-run --no-service-autorun --password-store=basic --remote-debugging-port=0 --test-type=webdriver --use-mock-keychain --user-data-dir="C:\Users\justr\AppData\Local\Temp\scoped_dir19504_221103301" data:,
[1715543980.379][INFO]: resolved localhost to ["::1","127.0.0.1"]
[1715543980.418][INFO]: [2f14ccbfaa864197a69e27cdf2a118f3] RESPONSE InitSession {
   "capabilities": {
      "acceptInsecureCerts": false,
      "browserName": "chrome",
      "browserVersion": "124.0.6367.201",
      "chrome": {
         "chromedriverVersion": "124.0.6367.201 (46cf136d27d50afd9c618d164a3b95b3b62d0027-refs/branch-heads/6367@{#1130})",
         "userDataDir": "C:\\Users\\justr\\AppData\\Local\\Temp\\scoped_dir19504_221103301"
      },
      "fedcm:accounts": true,
      "goog:chromeOptions": {
         "debuggerAddress": "localhost:53329"
      },
      "networkConnectionEnabled": false,
      "pageLoadStrategy": "normal",
      "platformName": "windows",
      "proxy": {
      },
      "setWindowRect": true,
      "strictFileInteractability": false,
      "timeouts": {
         "implicit": 0,
         "pageLoad": 300000,
         "script": 30000
      },
      "unhandledPromptBehavior": "dismiss and notify",
      "webauthn:extension:credBlob": true,
      "webauthn:extension:largeBlob": true,
      "webauthn:extension:minPinLength": true,
      "webauthn:extension:prf": true,
      "webauthn:virtualAuthenticators": true
   },
   "sessionId": "2f14ccbfaa864197a69e27cdf2a118f3"
}
[1715543981.124][INFO]: [2f14ccbfaa864197a69e27cdf2a118f3] COMMAND MaximizeWindow {
}
[1715543981.124][INFO]: Waiting for pending navigations...
[1715543981.125][INFO]: Done waiting for pending navigations. Status: ok
[1715543981.172][INFO]: Waiting for pending navigations...
[1715543981.173][INFO]: Done waiting for pending navigations. Status: ok
[1715543981.173][INFO]: [2f14ccbfaa864197a69e27cdf2a118f3] RESPONSE MaximizeWindow {
   "height": 688,
   "width": 1296,
   "x": -8,
   "y": -8
}
[1715543981.202][INFO]: [2f14ccbfaa864197a69e27cdf2a118f3] COMMAND SetTimeouts {
   "implicit": 30000
}
[1715543981.202][INFO]: [2f14ccbfaa864197a69e27cdf2a118f3] RESPONSE SetTimeouts
[1715543981.216][INFO]: [2f14ccbfaa864197a69e27cdf2a118f3] COMMAND Navigate {
   "url": "https://leetcode.com/"
}
[1715543981.216][INFO]: Waiting for pending navigations...
[1715543981.217][INFO]: Done waiting for pending navigations. Status: ok
[1715543983.973][INFO]: Waiting for pending navigations...
[1715543989.294][INFO]: Done waiting for pending navigations. Status: ok
[1715543989.294][INFO]: [2f14ccbfaa864197a69e27cdf2a118f3] RESPONSE Navigate
[1715543989.300][INFO]: [2f14ccbfaa864197a69e27cdf2a118f3] COMMAND GetUrl {
}
[1715543989.300][INFO]: Waiting for pending navigations...
[1715543989.301][INFO]: Done waiting for pending navigations. Status: ok
[1715543989.308][INFO]: Waiting for pending navigations...
[1715543989.309][INFO]: Done waiting for pending navigations. Status: ok
[1715543989.309][INFO]: [2f14ccbfaa864197a69e27cdf2a118f3] RESPONSE GetUrl "https://leetcode.com/"
[1715543989.317][INFO]: [2f14ccbfaa864197a69e27cdf2a118f3] COMMAND FindElement {
   "using": "xpath",
   "value": "//a/p[contains(text(), 'Questions')]"
}
[1715543989.317][INFO]: Waiting for pending navigations...
[1715543989.318][INFO]: Done waiting for pending navigations. Status: ok
[1715543989.336][INFO]: Waiting for pending navigations...
[1715543989.337][INFO]: Done waiting for pending navigations. Status: ok
[1715543989.337][INFO]: [2f14ccbfaa864197a69e27cdf2a118f3] RESPONSE FindElement {
   "element-6066-11e4-a52e-4f735466cecf": "f.1F9ADEBE5FC4628D07732049AD4E0F94.d.B6DE9FA73D24F54C02A1553983F6F72A.e.21"
}
[1715543989.347][INFO]: [2f14ccbfaa864197a69e27cdf2a118f3] COMMAND ExecuteScript {
   "args": [ {
      "element-6066-11e4-a52e-4f735466cecf": "f.1F9ADEBE5FC4628D07732049AD4E0F94.d.B6DE9FA73D24F54C02A1553983F6F72A.e.21"
   } ],
   "script": "arguments[0].scrollIntoView();"
}
[1715543989.347][INFO]: Waiting for pending navigations...
[1715543989.348][INFO]: Done waiting for pending navigations. Status: ok
[1715543989.356][INFO]: Waiting for pending navigations...
[1715543989.384][INFO]: Done waiting for pending navigations. Status: ok
[1715543989.384][INFO]: [2f14ccbfaa864197a69e27cdf2a118f3] RESPONSE ExecuteScript null
[1715543989.398][INFO]: [2f14ccbfaa864197a69e27cdf2a118f3] COMMAND ClickElement {
   "id": "f.1F9ADEBE5FC4628D07732049AD4E0F94.d.B6DE9FA73D24F54C02A1553983F6F72A.e.21"
}
[1715543989.398][INFO]: Waiting for pending navigations...
[1715543989.399][INFO]: Done waiting for pending navigations. Status: ok
[1715543989.585][INFO]: Waiting for pending navigations...
[1715543997.220][INFO]: Done waiting for pending navigations. Status: ok
[1715543997.220][INFO]: [2f14ccbfaa864197a69e27cdf2a118f3] RESPONSE ClickElement
[1715544007.234][INFO]: [2f14ccbfaa864197a69e27cdf2a118f3] COMMAND GetUrl {
}
[1715544007.234][INFO]: Waiting for pending navigations...
[1715544007.235][INFO]: Done waiting for pending navigations. Status: ok
[1715544007.240][INFO]: Waiting for pending navigations...
[1715544007.241][INFO]: Done waiting for pending navigations. Status: ok
[1715544007.241][INFO]: [2f14ccbfaa864197a69e27cdf2a118f3] RESPONSE GetUrl "https://leetcode.com/problemset/"
[1715544007.246][INFO]: [2f14ccbfaa864197a69e27cdf2a118f3] COMMAND FindElements {
   "using": "xpath",
   "value": "//div[@role='row']/div[@role='cell'][1]/a/parent::div/parent::div/following-sibling::div//div[2]//a"
}
[1715544007.246][INFO]: Waiting for pending navigations...
[1715544007.248][INFO]: Done waiting for pending navigations. Status: ok
[1715544007.269][INFO]: Waiting for pending navigations...
[1715544007.270][INFO]: Done waiting for pending navigations. Status: ok
[1715544007.270][INFO]: [2f14ccbfaa864197a69e27cdf2a118f3] RESPONSE FindElements [ {
   "element-6066-11e4-a52e-4f735466cecf": "f.1F9ADEBE5FC4628D07732049AD4E0F94.d.D5566943F35DBB1B08F752E7D3251932.e.49"
}, {
   "element-6066-11e4-a52e-4f735466cecf": "f.1F9ADEBE5FC4628D07732049AD4E0F94.d.D5566943F35DBB1B08F752E7D3251932.e.50"
}, {
   "element-6066-11e4-a52e-4f735466cecf": "f.1F9ADEBE5FC4628D07732049AD4E0F94.d.D5566943F35DBB1B08F752E7D3251932.e.51"
}, {
   "element-6066-11e4-a52e-4f735466cecf": "f.1F9ADEBE5FC4628D07732049AD4E0F94.d.D5566943F35DBB1B08F752E7D3251932.e.52"
}, {
   "element-6066-11e4-a52e-4f735466cecf": "f.1F9ADEBE5FC4628D07732049AD4E0F94.d.D5566943F35DBB1B08F752E7D3251932.e.53"
}, {
   "element-6066-11e4-a52e-4f735466cecf": "f.1F9ADEBE5FC4628D07732049AD4E0F94.d.D5566943F35DBB1B08F752E7D3251932.e.54"
}, {
   "element-6066-11e4-a52e-4f735466cecf": "f.1F9ADEBE5FC4628D07732049AD4E0F94.d.D5566943F35DBB1B08F752E7D3251932.e.55"
}, {
   "element-6066-11e4-a52e-4f735466cecf": "f.1F9ADEBE5FC4628D07732049AD4E0F94.d.D5566943F35DBB1B08F752E7D3251932.e.56"
}, {
   "element-6066-11e4-a52e-4f735466cecf": "f.1F9ADEBE5FC4628D07732049AD4E0F94.d.D5566943F35DBB1B08F752E7D3251932.e.57"
}, {
   "element-6066-11e4-a52e-4f735466cecf": "f.1F9ADEBE5FC4628D07732049AD4E0F94.d.D5566943F35DBB1B08F752E7D3251932.e.58"
}, {
   "element-6066-11e4-a52e-4f735466cecf": "f.1F9ADEBE5FC4628D07732049AD4E0F94.d.D5566943F35DBB1B08F752E7D3251932.e.59"
}, {
   "element-6066-11e4-a52e-4f735466cecf": "f.1F9ADEBE5FC4628D07732049AD4E0F94.d.D5566943F35DBB1B08F752E7D3251932.e.60"
}, {
   "element-6066-11e4-a52e-4f735466cecf": "f.1F9ADEBE5FC4628D07732049AD4E0F94.d.D5566943F35DBB1B08F752E7D3251932.e.61"
}, {
   "element-6066-11e4-a52e-4f735466cecf": "f.1F9ADEBE5FC4628D07732049AD4E0F94.d.D5566943F35DBB1B08F752E7D3251932.e.62"
}, {
   "element-6066-11e4-a52e-4f735466cecf": "f.1F9ADEBE5FC4628D07732049AD4E0F94.d.D5566943F35DBB1B08F752E7D3251932.e.63"
}, {
   "element-6066-11e4-a52e-4f735466cecf": "f.1F9ADEBE5FC4628D07732049AD4E0F94.d.D5566943F35DBB1B08F752E7D3251932.e.64"
}, {
   "element-6066-11e4-a52e-4f735466cecf": "f.1F9ADEBE5FC4628D07732049AD4E0F94.d.D5566943F35DBB1B08F752E7D3251932.e.65"
}, {
   "element-6066-11e4-a52e-4f735466cecf": "f.1F9ADEBE5FC4628D07732049AD4E0F94.d.D5566943F35DBB1B08F752E7D3251932.e.66"
}, {
   "element-6066-11e4-a52e-4f735466cecf": "f.1F9ADEBE5FC4628D07732049AD4E0F94.d.D5566943F35DBB1B08F752E7D3251932.e.67"
}, "..." ]
[1715544007.296][INFO]: [2f14ccbfaa864197a69e27cdf2a118f3] COMMAND GetElementText {
   "id": "f.1F9ADEBE5FC4628D07732049AD4E0F94.d.D5566943F35DBB1B08F752E7D3251932.e.49"
}
[1715544007.296][INFO]: Waiting for pending navigations...
[1715544007.297][INFO]: Done waiting for pending navigations. Status: ok
[1715544007.314][INFO]: Waiting for pending navigations...
[1715544007.315][INFO]: Done waiting for pending navigations. Status: ok
[1715544007.315][INFO]: [2f14ccbfaa864197a69e27cdf2a118f3] RESPONSE GetElementText "1. Two Sum"
[1715544007.321][INFO]: [2f14ccbfaa864197a69e27cdf2a118f3] COMMAND GetElementText {
   "id": "f.1F9ADEBE5FC4628D07732049AD4E0F94.d.D5566943F35DBB1B08F752E7D3251932.e.50"
}
[1715544007.321][INFO]: Waiting for pending navigations...
[1715544007.322][INFO]: Done waiting for pending navigations. Status: ok
[1715544007.332][INFO]: Waiting for pending navigations...
[1715544007.333][INFO]: Done waiting for pending navigations. Status: ok
[1715544007.333][INFO]: [2f14ccbfaa864197a69e27cdf2a118f3] RESPONSE GetElementText "2. Add Two Numbers"
[1715544007.339][INFO]: [2f14ccbfaa864197a69e27cdf2a118f3] COMMAND GetElementText {
   "id": "f.1F9ADEBE5FC4628D07732049AD4E0F94.d.D5566943F35DBB1B08F752E7D3251932.e.51"
}
[1715544007.339][INFO]: Waiting for pending navigations...
[1715544007.341][INFO]: Done waiting for pending navigations. Status: ok
[1715544007.351][INFO]: Waiting for pending navigations...
[1715544007.352][INFO]: Done waiting for pending navigations. Status: ok
[1715544007.352][INFO]: [2f14ccbfaa864197a69e27cdf2a118f3] RESPONSE GetElementText "3. Longest Substring Without Repeating Characters"
[1715544007.360][INFO]: [2f14ccbfaa864197a69e27cdf2a118f3] COMMAND GetElementText {
   "id": "f.1F9ADEBE5FC4628D07732049AD4E0F94.d.D5566943F35DBB1B08F752E7D3251932.e.52"
}
[1715544007.360][INFO]: Waiting for pending navigations...
[1715544007.361][INFO]: Done waiting for pending navigations. Status: ok
[1715544007.374][INFO]: Waiting for pending navigations...
[1715544007.374][INFO]: Done waiting for pending navigations. Status: ok
[1715544007.374][INFO]: [2f14ccbfaa864197a69e27cdf2a118f3] RESPONSE GetElementText "4. Median of Two Sorted Arrays"
[1715544007.388][INFO]: [2f14ccbfaa864197a69e27cdf2a118f3] COMMAND GetElementText {
   "id": "f.1F9ADEBE5FC4628D07732049AD4E0F94.d.D5566943F35DBB1B08F752E7D3251932.e.53"
}
[1715544007.388][INFO]: Waiting for pending navigations...
[1715544007.388][INFO]: Done waiting for pending navigations. Status: ok
[1715544007.395][INFO]: Waiting for pending navigations...
[1715544007.396][INFO]: Done waiting for pending navigations. Status: ok
[1715544007.396][INFO]: [2f14ccbfaa864197a69e27cdf2a118f3] RESPONSE GetElementText "5. Longest Palindromic Substring"
[1715544007.403][INFO]: [2f14ccbfaa864197a69e27cdf2a118f3] COMMAND FindElement {
   "using": "xpath",
   "value": "//a[normalize-space()='1. Two Sum']"
}
[1715544007.403][INFO]: Waiting for pending navigations...
[1715544007.405][INFO]: Done waiting for pending navigations. Status: ok
[1715544007.417][INFO]: Waiting for pending navigations...
[1715544007.417][INFO]: Done waiting for pending navigations. Status: ok
[1715544007.417][INFO]: [2f14ccbfaa864197a69e27cdf2a118f3] RESPONSE FindElement {
   "element-6066-11e4-a52e-4f735466cecf": "f.1F9ADEBE5FC4628D07732049AD4E0F94.d.D5566943F35DBB1B08F752E7D3251932.e.49"
}
[1715544007.422][INFO]: [2f14ccbfaa864197a69e27cdf2a118f3] COMMAND ClickElement {
   "id": "f.1F9ADEBE5FC4628D07732049AD4E0F94.d.D5566943F35DBB1B08F752E7D3251932.e.49"
}
[1715544007.422][INFO]: Waiting for pending navigations...
[1715544007.423][INFO]: Done waiting for pending navigations. Status: ok
[1715544007.573][INFO]: Waiting for pending navigations...
[1715544010.904][INFO]: Done waiting for pending navigations. Status: ok
[1715544010.904][INFO]: [2f14ccbfaa864197a69e27cdf2a118f3] RESPONSE ClickElement
[1715544020.929][INFO]: [2f14ccbfaa864197a69e27cdf2a118f3] COMMAND GetUrl {
}
[1715544020.929][INFO]: Waiting for pending navigations...
[1715544020.939][INFO]: Done waiting for pending navigations. Status: ok
[1715544020.947][INFO]: Waiting for pending navigations...
[1715544020.949][INFO]: Done waiting for pending navigations. Status: ok
[1715544020.949][INFO]: [2f14ccbfaa864197a69e27cdf2a118f3] RESPONSE GetUrl "https://leetcode.com/problems/two-sum/description/"
[1715544020.961][INFO]: [2f14ccbfaa864197a69e27cdf2a118f3] COMMAND FindElement {
   "using": "css selector",
   "value": "#submissions_tab"
}
[1715544020.961][INFO]: Waiting for pending navigations...
[1715544020.963][INFO]: Done waiting for pending navigations. Status: ok
[1715544020.979][INFO]: Waiting for pending navigations...
[1715544020.980][INFO]: Done waiting for pending navigations. Status: ok
[1715544020.980][INFO]: [2f14ccbfaa864197a69e27cdf2a118f3] RESPONSE FindElement {
   "element-6066-11e4-a52e-4f735466cecf": "f.1F9ADEBE5FC4628D07732049AD4E0F94.d.F10BCE9B7C6A1B778AD11237C83980AF.e.135"
}
[1715544020.995][INFO]: [2f14ccbfaa864197a69e27cdf2a118f3] COMMAND ClickElement {
   "id": "f.1F9ADEBE5FC4628D07732049AD4E0F94.d.F10BCE9B7C6A1B778AD11237C83980AF.e.135"
}
[1715544020.995][INFO]: Waiting for pending navigations...
[1715544020.996][INFO]: Done waiting for pending navigations. Status: ok
[1715544021.109][INFO]: Waiting for pending navigations...
[1715544021.169][INFO]: Done waiting for pending navigations. Status: ok
[1715544021.169][INFO]: [2f14ccbfaa864197a69e27cdf2a118f3] RESPONSE ClickElement
[1715544023.193][INFO]: [2f14ccbfaa864197a69e27cdf2a118f3] COMMAND FindElement {
   "using": "xpath",
   "value": "//a[contains(text(), 'Register or Sign In')]"
}
[1715544023.193][INFO]: Waiting for pending navigations...
[1715544023.195][INFO]: Done waiting for pending navigations. Status: ok
[1715544023.225][INFO]: Waiting for pending navigations...
[1715544023.226][INFO]: Done waiting for pending navigations. Status: ok
[1715544023.226][INFO]: [2f14ccbfaa864197a69e27cdf2a118f3] RESPONSE FindElement {
   "element-6066-11e4-a52e-4f735466cecf": "f.1F9ADEBE5FC4628D07732049AD4E0F94.d.F10BCE9B7C6A1B778AD11237C83980AF.e.136"
}
[1715544023.234][INFO]: [2f14ccbfaa864197a69e27cdf2a118f3] COMMAND GetElementText {
   "id": "f.1F9ADEBE5FC4628D07732049AD4E0F94.d.F10BCE9B7C6A1B778AD11237C83980AF.e.136"
}
[1715544023.234][INFO]: Waiting for pending navigations...
[1715544023.235][INFO]: Done waiting for pending navigations. Status: ok
[1715544023.246][INFO]: Waiting for pending navigations...
[1715544023.247][INFO]: Done waiting for pending navigations. Status: ok
[1715544023.247][INFO]: [2f14ccbfaa864197a69e27cdf2a118f3] RESPONSE GetElementText "Register or Sign In"
[1715544023.253][INFO]: [2f14ccbfaa864197a69e27cdf2a118f3] COMMAND CloseWindow {
}
[1715544023.393][SEVERE]: Unable to receive message from renderer
[1715544024.618][INFO]: [2f14ccbfaa864197a69e27cdf2a118f3] RESPONSE CloseWindow [  ]
